<?xml version="1.0" encoding="UTF-8"?>
<!-- Generated by org.testng.reporters.JUnitXMLReporter -->
<testsuite ignored="0" hostname="DESKTOP-1ABT9ES" failures="0" tests="2" name="Test-runner-2" time="19.33" errors="0" timestamp="2023-03-28T09:35:39 IST">
  <testcase classname="Practice_package.TS_02" name="testscript3" time="0.002"/>
  <testcase classname="Practice_package.TS_02" name="testscript4" time="0.005"/>
</testsuite> <!-- Test-runner-2 -->
