<?xml version="1.0" encoding="UTF-8"?>
<!-- Generated by org.testng.reporters.JUnitXMLReporter -->
<testsuite ignored="0" hostname="DESKTOP-1ABT9ES" failures="0" tests="2" name="Test-runner-1" time="16.568" errors="0" timestamp="2023-03-28T09:35:36 IST">
  <testcase classname="Practice_package.TS_01" name="testscript1" time="0.016"/>
  <testcase classname="Practice_package.TS_01" name="testscript2" time="0.004"/>
</testsuite> <!-- Test-runner-1 -->
