<?xml version="1.0" encoding="UTF-8"?>
<!-- Generated by org.testng.reporters.JUnitReportReporter -->
<testsuite hostname="DESKTOP-1ABT9ES" failures="0" tests="2" name="Practice_package.DpExcelData" time="0.007" errors="0" timestamp="2023-03-30T14:51:35 IST" skipped="0">
  <testcase classname="Practice_package.DpExcelData" name="getdata" time="0.002"/>
  <system-out/>
  <testcase classname="Practice_package.DpExcelData" name="getdata" time="0.005"/>
  <system-out/>
</testsuite> <!-- Practice_package.DpExcelData -->
