<?xml version="1.0" encoding="UTF-8"?>
<!-- Generated by org.testng.reporters.JUnitReportReporter -->
<testsuite hostname="DESKTOP-1ABT9ES" failures="0" tests="2" name="Practice_package.TS_02" time="0.009" errors="0" timestamp="2023-03-28T09:35:39 IST" skipped="0">
  <testcase classname="Practice_package.TS_02" name="testscript4" time="0.007"/>
  <system-out/>
  <testcase classname="Practice_package.TS_02" name="testscript3" time="0.002"/>
  <system-out/>
</testsuite> <!-- Practice_package.TS_02 -->
