<?xml version="1.0" encoding="UTF-8"?>
<!-- Generated by org.testng.reporters.JUnitReportReporter -->
<testsuite hostname="DESKTOP-1ABT9ES" failures="0" tests="1" name="Practice_package.TS_04" time="0.002" errors="0" timestamp="2023-03-27T14:48:36 IST" skipped="0">
  <testcase classname="Practice_package.TS_04" name="testscript7" time="0.002"/>
  <system-out/>
</testsuite> <!-- Practice_package.TS_04 -->
